#-----------------------------------------------------------
# Vivado v2017.1 (64-bit)
# SW Build 1846317 on Fri Apr 14 18:54:47 MDT 2017
# IP Build 1846188 on Fri Apr 14 20:52:08 MDT 2017
# Start of session at: Wed Apr  3 13:10:39 2019
# Process ID: 9614
# Current directory: /home/deki/Downloads/hsos/gtwizard_0_ex
# Command line: vivado -notrace -source /home/deki/Downloads/hsos/gtwizard_0_ex/gtwizard_0_ex.tcl
# Log file: /home/deki/Downloads/hsos/gtwizard_0_ex/vivado.log
# Journal file: /home/deki/Downloads/hsos/gtwizard_0_ex/vivado.jou
#-----------------------------------------------------------
start_gui
source /home/deki/Downloads/hsos/gtwizard_0_ex/gtwizard_0_ex.tcl -notrace
INFO: [open_example_project] Creating new example project...
INFO: [IP_Flow 19-234] Refreshing IP repositories
INFO: [IP_Flow 19-1704] No user IP repositories specified
INFO: [IP_Flow 19-2313] Loaded Vivado IP repository '/opt/Xilinx/Vivado/2017.1/data/ip'.
INFO: [open_example_project] Importing original IP ...
INFO: [open_example_project] Generating the example project IP ...
INFO: [open_example_project] Adding example synthesis HDL files ...
INFO: [open_example_project] Adding example synthesis miscellaneous files ...
INFO: [open_example_project] Adding example XDC files ...
INFO: [open_example_project] Adding simulation HDL files ...
INFO: [open_example_project] Adding simulation miscellaneous files ...
INFO: [filemgmt 20-348] Importing the appropriate files for fileset: 'constrs_1'
INFO: [filemgmt 20-348] Importing the appropriate files for fileset: 'sim_1'
INFO: [filemgmt 20-348] Importing the appropriate files for fileset: 'sources_1'
INFO: [open_example_project] Sourcing example extension scripts ...
INFO: [filemgmt 56-106] Converting IP 'rx_gtwizard_0' into core container format.
INFO: [filemgmt 56-101] Creating core container '/home/deki/Downloads/hsos/gtwizard_0_ex/gtwizard_0_ex.srcs/sources_1/ip/rx_gtwizard_0.xcix' for IP 'rx_gtwizard_0'
WARNING: [IP_Flow 19-3374] An attempt to modify the value of disabled parameter 'gt8_val_tx_refclk' from 'REFCLK1_Q2' to 'REFCLK0_Q2' has been ignored for IP 'rx_gtwizard_0'
WARNING: [IP_Flow 19-3374] An attempt to modify the value of disabled parameter 'gt8_val_rx_refclk' from 'REFCLK1_Q2' to 'REFCLK0_Q2' has been ignored for IP 'rx_gtwizard_0'
INFO: [filemgmt 56-105] Converting IP 'rx_gtwizard_0' into non-core container format.
INFO: [IP_Flow 19-1686] Generating 'Synthesis' target for IP 'rx_gtwizard_0'...
INFO: [IP_Flow 19-1686] Generating 'Implementation' target for IP 'rx_gtwizard_0'...
INFO: [filemgmt 56-106] Converting IP 'rx_gtwizard_0' into core container format.
INFO: [filemgmt 56-101] Creating core container '/home/deki/Downloads/hsos/gtwizard_0_ex/gtwizard_0_ex.srcs/sources_1/ip/rx_gtwizard_0.xcix' for IP 'rx_gtwizard_0'
[Wed Apr  3 13:11:07 2019] Launched rx_gtwizard_0_synth_1...
Run output will be captured here: /home/deki/Downloads/hsos/gtwizard_0_ex/gtwizard_0_ex.runs/rx_gtwizard_0_synth_1/runme.log
[Wed Apr  3 13:11:07 2019] Waiting for rx_gtwizard_0_synth_1 to finish...
[Wed Apr  3 13:11:14 2019] Waiting for rx_gtwizard_0_synth_1 to finish...
[Wed Apr  3 13:11:19 2019] Waiting for rx_gtwizard_0_synth_1 to finish...
[Wed Apr  3 13:11:24 2019] Waiting for rx_gtwizard_0_synth_1 to finish...
[Wed Apr  3 13:11:34 2019] Waiting for rx_gtwizard_0_synth_1 to finish...
[Wed Apr  3 13:11:44 2019] Waiting for rx_gtwizard_0_synth_1 to finish...

*** Running vivado
    with args -log rx_gtwizard_0.vds -m64 -product Vivado -mode batch -messageDb vivado.pb -notrace -source rx_gtwizard_0.tcl


****** Vivado v2017.1 (64-bit)
  **** SW Build 1846317 on Fri Apr 14 18:54:47 MDT 2017
  **** IP Build 1846188 on Fri Apr 14 20:52:08 MDT 2017
    ** Copyright 1986-2017 Xilinx, Inc. All Rights Reserved.

source rx_gtwizard_0.tcl -notrace
Starting RTL Elaboration : Time (s): cpu = 00:00:03 ; elapsed = 00:00:03 . Memory (MB): peak = 1231.043 ; gain = 74.000 ; free physical = 122 ; free virtual = 2757
INFO: [Synth 8-638] synthesizing module 'rx_gtwizard_0' [/home/deki/Downloads/hsos/gtwizard_0_ex/gtwizard_0_ex.srcs/sources_1/ip/rx_gtwizard_0/rx_gtwizard_0.v:73]
INFO: [Synth 8-638] synthesizing module 'rx_gtwizard_0_init' [/home/deki/Downloads/hsos/gtwizard_0_ex/gtwizard_0_ex.srcs/sources_1/ip/rx_gtwizard_0/rx_gtwizard_0_init.v:71]
INFO: [Synth 8-638] synthesizing module 'rx_gtwizard_0_multi_gt' [/home/deki/Downloads/hsos/gtwizard_0_ex/gtwizard_0_ex.srcs/sources_1/ip/rx_gtwizard_0/rx_gtwizard_0_multi_gt.v:70]
INFO: [Synth 8-638] synthesizing module 'rx_gtwizard_0_GT' [/home/deki/Downloads/hsos/gtwizard_0_ex/gtwizard_0_ex.srcs/sources_1/ip/rx_gtwizard_0/rx_gtwizard_0_gt.v:71]
INFO: [Synth 8-638] synthesizing module 'GTXE2_CHANNEL' [/opt/Xilinx/Vivado/2017.1/scripts/rt/data/unisim_comp.v:10642]
INFO: [Synth 8-256] done synthesizing module 'GTXE2_CHANNEL' (1#1) [/opt/Xilinx/Vivado/2017.1/scripts/rt/data/unisim_comp.v:10642]
INFO: [Synth 8-256] done synthesizing module 'rx_gtwizard_0_GT' (2#1) [/home/deki/Downloads/hsos/gtwizard_0_ex/gtwizard_0_ex.srcs/sources_1/ip/rx_gtwizard_0/rx_gtwizard_0_gt.v:71]
INFO: [Synth 8-638] synthesizing module 'rx_gtwizard_0_cpll_railing' [/home/deki/Downloads/hsos/gtwizard_0_ex/gtwizard_0_ex.srcs/sources_1/ip/rx_gtwizard_0/rx_gtwizard_0_cpll_railing.v:68]
INFO: [Synth 8-638] synthesizing module 'BUFH' [/opt/Xilinx/Vivado/2017.1/scripts/rt/data/unisim_comp.v:806]
INFO: [Synth 8-256] done synthesizing module 'BUFH' (3#1) [/opt/Xilinx/Vivado/2017.1/scripts/rt/data/unisim_comp.v:806]
INFO: [Synth 8-256] done synthesizing module 'rx_gtwizard_0_cpll_railing' (4#1) [/home/deki/Downloads/hsos/gtwizard_0_ex/gtwizard_0_ex.srcs/sources_1/ip/rx_gtwizard_0/rx_gtwizard_0_cpll_railing.v:68]
INFO: [Synth 8-256] done synthesizing module 'rx_gtwizard_0_multi_gt' (5#1) [/home/deki/Downloads/hsos/gtwizard_0_ex/gtwizard_0_ex.srcs/sources_1/ip/rx_gtwizard_0/rx_gtwizard_0_multi_gt.v:70]
INFO: [Synth 8-638] synthesizing module 'rx_gtwizard_0_RX_STARTUP_FSM' [/home/deki/Downloads/hsos/gtwizard_0_ex/gtwizard_0_ex.srcs/sources_1/ip/rx_gtwizard_0/rx_gtwizard_0/example_design/rx_gtwizard_0_rx_startup_fsm.v:94]
INFO: [Synth 8-638] synthesizing module 'rx_gtwizard_0_sync_block' [/home/deki/Downloads/hsos/gtwizard_0_ex/gtwizard_0_ex.srcs/sources_1/ip/rx_gtwizard_0/rx_gtwizard_0/example_design/rx_gtwizard_0_sync_block.v:78]
INFO: [Synth 8-638] synthesizing module 'FD' [/opt/Xilinx/Vivado/2017.1/scripts/rt/data/unisim_comp.v:3723]
INFO: [Synth 8-256] done synthesizing module 'FD' (6#1) [/opt/Xilinx/Vivado/2017.1/scripts/rt/data/unisim_comp.v:3723]
INFO: [Synth 8-256] done synthesizing module 'rx_gtwizard_0_sync_block' (7#1) [/home/deki/Downloads/hsos/gtwizard_0_ex/gtwizard_0_ex.srcs/sources_1/ip/rx_gtwizard_0/rx_gtwizard_0/example_design/rx_gtwizard_0_sync_block.v:78]
INFO: [Synth 8-256] done synthesizing module 'rx_gtwizard_0_RX_STARTUP_FSM' (8#1) [/home/deki/Downloads/hsos/gtwizard_0_ex/gtwizard_0_ex.srcs/sources_1/ip/rx_gtwizard_0/rx_gtwizard_0/example_design/rx_gtwizard_0_rx_startup_fsm.v:94]
INFO: [Synth 8-256] done synthesizing module 'rx_gtwizard_0_init' (9#1) [/home/deki/Downloads/hsos/gtwizard_0_ex/gtwizard_0_ex.srcs/sources_1/ip/rx_gtwizard_0/rx_gtwizard_0_init.v:71]
INFO: [Synth 8-256] done synthesizing module 'rx_gtwizard_0' (10#1) [/home/deki/Downloads/hsos/gtwizard_0_ex/gtwizard_0_ex.srcs/sources_1/ip/rx_gtwizard_0/rx_gtwizard_0.v:73]
Finished RTL Elaboration : Time (s): cpu = 00:00:04 ; elapsed = 00:00:04 . Memory (MB): peak = 1270.543 ; gain = 113.500 ; free physical = 182 ; free virtual = 2763
Finished RTL Optimization Phase 1 : Time (s): cpu = 00:00:04 ; elapsed = 00:00:04 . Memory (MB): peak = 1270.543 ; gain = 113.500 ; free physical = 183 ; free virtual = 2763
INFO: [Device 21-403] Loading part xc7k325tffg900-2
Constraint Validation Runtime : Time (s): cpu = 00:00:00.03 ; elapsed = 00:00:00.02 . Memory (MB): peak = 1664.730 ; gain = 0.000 ; free physical = 121 ; free virtual = 2483
Finished Constraint Validation : Time (s): cpu = 00:00:12 ; elapsed = 00:00:13 . Memory (MB): peak = 1664.730 ; gain = 507.688 ; free physical = 190 ; free virtual = 2555
Finished Loading Part and Timing Information : Time (s): cpu = 00:00:12 ; elapsed = 00:00:13 . Memory (MB): peak = 1664.730 ; gain = 507.688 ; free physical = 190 ; free virtual = 2555
Finished applying 'set_property' XDC Constraints : Time (s): cpu = 00:00:12 ; elapsed = 00:00:13 . Memory (MB): peak = 1664.730 ; gain = 507.688 ; free physical = 192 ; free virtual = 2557
Finished RTL Optimization Phase 2 : Time (s): cpu = 00:00:13 ; elapsed = 00:00:14 . Memory (MB): peak = 1664.730 ; gain = 507.688 ; free physical = 181 ; free virtual = 2545
Finished Cross Boundary and Area Optimization : Time (s): cpu = 00:00:14 ; elapsed = 00:00:15 . Memory (MB): peak = 1664.730 ; gain = 507.688 ; free physical = 143 ; free virtual = 2507
Finished Applying XDC Timing Constraints : Time (s): cpu = 00:00:19 ; elapsed = 00:00:20 . Memory (MB): peak = 1664.730 ; gain = 507.688 ; free physical = 125 ; free virtual = 2425
Finished Timing Optimization : Time (s): cpu = 00:00:19 ; elapsed = 00:00:20 . Memory (MB): peak = 1664.730 ; gain = 507.688 ; free physical = 131 ; free virtual = 2427
Finished Technology Mapping : Time (s): cpu = 00:00:20 ; elapsed = 00:00:21 . Memory (MB): peak = 1664.730 ; gain = 507.688 ; free physical = 159 ; free virtual = 2424
Finished IO Insertion : Time (s): cpu = 00:00:20 ; elapsed = 00:00:21 . Memory (MB): peak = 1664.730 ; gain = 507.688 ; free physical = 158 ; free virtual = 2424
Finished Renaming Generated Instances : Time (s): cpu = 00:00:20 ; elapsed = 00:00:21 . Memory (MB): peak = 1664.730 ; gain = 507.688 ; free physical = 158 ; free virtual = 2424
Finished Rebuilding User Hierarchy : Time (s): cpu = 00:00:20 ; elapsed = 00:00:21 . Memory (MB): peak = 1664.730 ; gain = 507.688 ; free physical = 158 ; free virtual = 2424
Finished Renaming Generated Ports : Time (s): cpu = 00:00:20 ; elapsed = 00:00:21 . Memory (MB): peak = 1664.730 ; gain = 507.688 ; free physical = 158 ; free virtual = 2424
Finished Handling Custom Attributes : Time (s): cpu = 00:00:20 ; elapsed = 00:00:21 . Memory (MB): peak = 1664.730 ; gain = 507.688 ; free physical = 158 ; free virtual = 2424
Finished Renaming Generated Nets : Time (s): cpu = 00:00:20 ; elapsed = 00:00:21 . Memory (MB): peak = 1664.730 ; gain = 507.688 ; free physical = 159 ; free virtual = 2424

Report Cell Usage: 
+------+--------------+------+
|      |Cell          |Count |
+------+--------------+------+
|1     |BUFH          |     1|
|2     |CARRY4        |    29|
|3     |GTXE2_CHANNEL |     1|
|4     |LUT1          |   113|
|5     |LUT2          |    11|
|6     |LUT3          |     8|
|7     |LUT4          |    17|
|8     |LUT5          |    63|
|9     |LUT6          |    43|
|10    |MUXF7         |     2|
|11    |SRLC32E       |     7|
|12    |FD            |    42|
|13    |FDCE          |     9|
|14    |FDRE          |   142|
|15    |FDSE          |     7|
+------+--------------+------+
Finished Writing Synthesis Report : Time (s): cpu = 00:00:20 ; elapsed = 00:00:21 . Memory (MB): peak = 1664.730 ; gain = 507.688 ; free physical = 159 ; free virtual = 2424
synth_design: Time (s): cpu = 00:00:21 ; elapsed = 00:00:22 . Memory (MB): peak = 1664.730 ; gain = 562.078 ; free physical = 179 ; free virtual = 2446
[Wed Apr  3 13:11:44 2019] rx_gtwizard_0_synth_1 finished
wait_on_run: Time (s): cpu = 00:00:03 ; elapsed = 00:00:37 . Memory (MB): peak = 6180.094 ; gain = 0.000 ; free physical = 758 ; free virtual = 3010
WARNING: [Vivado 12-4105] The example target will be deprecated in a future release. Instead, use open_example_project command to get the example design.
INFO: [IP_Flow 19-1686] Generating 'Examples' target for IP 'rx_gtwizard_0'...
INFO: [Project 1-386] Moving file '/home/deki/Downloads/hsos/gtwizard_0_ex/gtwizard_0_ex.srcs/sources_1/ip/rx_gtwizard_0/rx_gtwizard_0.xci' from fileset 'rx_gtwizard_0' to fileset 'sources_1'.
INFO: [Project 1-386] Moving file '/home/deki/Downloads/hsos/gtwizard_0_ex/gtwizard_0_ex.srcs/sources_1/ip/rx_gtwizard_0.xcix' from fileset 'rx_gtwizard_0' to fileset 'sources_1'.
INFO: [open_example_project] Rebuilding all the top level IPs ...
INFO: [exportsim-Tcl-35] Exporting simulation files for "XSIM" (Xilinx Vivado Simulator)...
INFO: [exportsim-Tcl-29] Script generated: '/home/deki/Downloads/hsos/gtwizard_0_ex/gtwizard_0_ex.ip_user_files/sim_scripts/gtwizard_0/xsim/gtwizard_0.sh'
INFO: [SIM-utils-43] Exported '/home/deki/Downloads/hsos/gtwizard_0_ex/gtwizard_0_ex.ip_user_files/sim_scripts/gtwizard_0/xsim/v7ht.tcl'
INFO: [exportsim-Tcl-35] Exporting simulation files for "MODELSIM" (Mentor Graphics ModelSim Simulator)...
INFO: [exportsim-Tcl-29] Script generated: '/home/deki/Downloads/hsos/gtwizard_0_ex/gtwizard_0_ex.ip_user_files/sim_scripts/gtwizard_0/modelsim/gtwizard_0.sh'
INFO: [SIM-utils-43] Exported '/home/deki/Downloads/hsos/gtwizard_0_ex/gtwizard_0_ex.ip_user_files/sim_scripts/gtwizard_0/modelsim/v7ht.tcl'
INFO: [exportsim-Tcl-35] Exporting simulation files for "QUESTA" (Mentor Graphics Questa Advanced Simulator)...
INFO: [exportsim-Tcl-29] Script generated: '/home/deki/Downloads/hsos/gtwizard_0_ex/gtwizard_0_ex.ip_user_files/sim_scripts/gtwizard_0/questa/gtwizard_0.sh'
INFO: [SIM-utils-43] Exported '/home/deki/Downloads/hsos/gtwizard_0_ex/gtwizard_0_ex.ip_user_files/sim_scripts/gtwizard_0/questa/v7ht.tcl'
INFO: [exportsim-Tcl-35] Exporting simulation files for "IES" (Cadence Incisive Enterprise Simulator)...
INFO: [exportsim-Tcl-29] Script generated: '/home/deki/Downloads/hsos/gtwizard_0_ex/gtwizard_0_ex.ip_user_files/sim_scripts/gtwizard_0/ies/gtwizard_0.sh'
INFO: [SIM-utils-43] Exported '/home/deki/Downloads/hsos/gtwizard_0_ex/gtwizard_0_ex.ip_user_files/sim_scripts/gtwizard_0/ies/v7ht.tcl'
INFO: [exportsim-Tcl-35] Exporting simulation files for "VCS" (Synopsys Verilog Compiler Simulator)...
INFO: [exportsim-Tcl-29] Script generated: '/home/deki/Downloads/hsos/gtwizard_0_ex/gtwizard_0_ex.ip_user_files/sim_scripts/gtwizard_0/vcs/gtwizard_0.sh'
INFO: [SIM-utils-43] Exported '/home/deki/Downloads/hsos/gtwizard_0_ex/gtwizard_0_ex.ip_user_files/sim_scripts/gtwizard_0/vcs/v7ht.tcl'
INFO: [exportsim-Tcl-35] Exporting simulation files for "RIVIERA" (Aldec Riviera-PRO Simulator)...
INFO: [exportsim-Tcl-29] Script generated: '/home/deki/Downloads/hsos/gtwizard_0_ex/gtwizard_0_ex.ip_user_files/sim_scripts/gtwizard_0/riviera/gtwizard_0.sh'
INFO: [SIM-utils-43] Exported '/home/deki/Downloads/hsos/gtwizard_0_ex/gtwizard_0_ex.ip_user_files/sim_scripts/gtwizard_0/riviera/v7ht.tcl'
INFO: [exportsim-Tcl-35] Exporting simulation files for "ACTIVEHDL" (Aldec Active-HDL Simulator)...
INFO: [exportsim-Tcl-29] Script generated: '/home/deki/Downloads/hsos/gtwizard_0_ex/gtwizard_0_ex.ip_user_files/sim_scripts/gtwizard_0/activehdl/gtwizard_0.sh'
INFO: [SIM-utils-43] Exported '/home/deki/Downloads/hsos/gtwizard_0_ex/gtwizard_0_ex.ip_user_files/sim_scripts/gtwizard_0/activehdl/v7ht.tcl'
INFO: [open_example_project] Open Example Project completed
update_compile_order -fileset sources_1
launch_runs impl_1 -to_step write_bitstream -jobs 4
INFO: [Vivado 12-4149] The synthesis checkpoint for IP '/home/deki/Downloads/hsos/gtwizard_0_ex/gtwizard_0_ex.srcs/sources_1/ip/gtwizard_0/gtwizard_0.xci' is already up-to-date
[Wed Apr  3 13:37:25 2019] Launched synth_1...
Run output will be captured here: /home/deki/Downloads/hsos/gtwizard_0_ex/gtwizard_0_ex.runs/synth_1/runme.log
[Wed Apr  3 13:37:25 2019] Launched impl_1...
Run output will be captured here: /home/deki/Downloads/hsos/gtwizard_0_ex/gtwizard_0_ex.runs/impl_1/runme.log
open_run impl_1
INFO: [Netlist 29-17] Analyzing 18 Unisim elements for replacement
INFO: [Netlist 29-28] Unisim Transformation completed in 0 CPU seconds
INFO: [Project 1-479] Netlist was created with Vivado 2017.1
INFO: [Device 21-403] Loading part xc7k325tffg900-2
INFO: [Project 1-570] Preparing netlist for logic optimization
Parsing XDC File [/home/deki/Downloads/hsos/gtwizard_0_ex/.Xil/Vivado-9614-Alberto-PC/dcp1/gtwizard_0_exdes_early.xdc]
Finished Parsing XDC File [/home/deki/Downloads/hsos/gtwizard_0_ex/.Xil/Vivado-9614-Alberto-PC/dcp1/gtwizard_0_exdes_early.xdc]
Parsing XDC File [/home/deki/Downloads/hsos/gtwizard_0_ex/.Xil/Vivado-9614-Alberto-PC/dcp1/gtwizard_0_exdes.xdc]
Finished Parsing XDC File [/home/deki/Downloads/hsos/gtwizard_0_ex/.Xil/Vivado-9614-Alberto-PC/dcp1/gtwizard_0_exdes.xdc]
Reading XDEF placement.
Reading placer database...
Reading XDEF routing.
Read XDEF File: Time (s): cpu = 00:00:00.04 ; elapsed = 00:00:00.10 . Memory (MB): peak = 12895.805 ; gain = 0.000 ; free physical = 948 ; free virtual = 2597
Restored from archive | CPU: 0.050000 secs | Memory: 0.317261 MB |
Finished XDEF File Restore: Time (s): cpu = 00:00:00.04 ; elapsed = 00:00:00.12 . Memory (MB): peak = 12895.805 ; gain = 0.000 ; free physical = 948 ; free virtual = 2597
INFO: [Project 1-111] Unisim Transformation Summary:
No Unisim elements were transformed.

open_run: Time (s): cpu = 00:00:18 ; elapsed = 00:00:18 . Memory (MB): peak = 13061.969 ; gain = 404.238 ; free physical = 800 ; free virtual = 2481
ERROR: [Common 17-179] Fork failed: Cannot allocate memory
ERROR: [Common 17-179] Fork failed: Cannot allocate memory
ERROR: [Common 17-179] Fork failed: Cannot allocate memory
ERROR: [Common 17-179] Fork failed: Cannot allocate memory
ERROR: [Common 17-179] Fork failed: Cannot allocate memory
ERROR: [Common 17-179] Fork failed: Cannot allocate memory
ERROR: [Common 17-179] Fork failed: Cannot allocate memory
ERROR: [Common 17-179] Fork failed: Cannot allocate memory
exit
INFO: [Common 17-206] Exiting Vivado at Wed Apr  3 13:40:24 2019...
